<?xml version="1.0" encoding="UTF-8" ?>
<testsuite tests="1" failures="0" name="test.PersonaServiceTest" time="305.535" errors="1" skipped="0">
  <properties>
[...]
</properties>
  <testcase classname="test.PersonaServiceTest" name="testEJBPersonaService" time="305.366">
    <error type="javax.ejb.EJBException">javax.ejb.EJBException
	at com.sun.ejb.containers.EJBContainerTransactionManager.processSystemException(EJBContainerTransactionManager.java:752)
	at com.sun.ejb.containers.EJBContainerTransactionManager.completeNewTx(EJBContainerTransactionManager.java:702)
	at com.sun.ejb.containers.EJBContainerTransactionManager.postInvokeTx(EJBContainerTransactionManager.java:507)
	at com.sun.ejb.containers.BaseContainer.postInvokeTx(BaseContainer.java:4566)
	at com.sun.ejb.containers.BaseContainer.postInvoke(BaseContainer.java:2074)
	at com.sun.ejb.containers.BaseContainer.postInvoke(BaseContainer.java:2044)
	at com.sun.ejb.containers.EJBLocalObjectInvocationHandler.invoke(EJBLocalObjectInvocationHandler.java:220)
	at com.sun.ejb.containers.EJBLocalObjectInvocationHandlerDelegate.invoke(EJBLocalObjectInvocationHandlerDelegate.java:88)
	at com.sun.proxy.$Proxy221.listarPersonas(Unknown Source)
	at test.PersonaServiceTest.testEJBPersonaService(PersonaServiceTest.java:35)
	at sun.reflect.NativeMethodAccessorImpl.invoke0(Native Method)
	at sun.reflect.NativeMethodAccessorImpl.invoke(NativeMethodAccessorImpl.java:62)
	at sun.reflect.DelegatingMethodAccessorImpl.invoke(DelegatingMethodAccessorImpl.java:43)
	at java.lang.reflect.Method.invoke(Method.java:498)
	at org.junit.runners.model.FrameworkMethod$1.runReflectiveCall(FrameworkMethod.java:50)
	at org.junit.internal.runners.model.ReflectiveCallable.run(ReflectiveCallable.java:12)
	at org.junit.runners.model.FrameworkMethod.invokeExplosively(FrameworkMethod.java:47)
	at org.junit.internal.runners.statements.InvokeMethod.evaluate(InvokeMethod.java:17)
	at org.junit.internal.runners.statements.RunBefores.evaluate(RunBefores.java:26)
	at org.junit.runners.ParentRunner.runLeaf(ParentRunner.java:325)
	at org.junit.runners.BlockJUnit4ClassRunner.runChild(BlockJUnit4ClassRunner.java:78)
	at org.junit.runners.BlockJUnit4ClassRunner.runChild(BlockJUnit4ClassRunner.java:57)
	at org.junit.runners.ParentRunner$3.run(ParentRunner.java:290)
	at org.junit.runners.ParentRunner$1.schedule(ParentRunner.java:71)
	at org.junit.runners.ParentRunner.runChildren(ParentRunner.java:288)
	at org.junit.runners.ParentRunner.access$000(ParentRunner.java:58)
	at org.junit.runners.ParentRunner$2.evaluate(ParentRunner.java:268)
	at org.junit.runners.ParentRunner.run(ParentRunner.java:363)
	at org.apache.maven.surefire.junit4.JUnit4TestSet.execute(JUnit4TestSet.java:53)
	at org.apache.maven.surefire.junit4.JUnit4Provider.executeTestSet(JUnit4Provider.java:123)
	at org.apache.maven.surefire.junit4.JUnit4Provider.invoke(JUnit4Provider.java:104)
	at sun.reflect.NativeMethodAccessorImpl.invoke0(Native Method)
	at sun.reflect.NativeMethodAccessorImpl.invoke(NativeMethodAccessorImpl.java:62)
	at sun.reflect.DelegatingMethodAccessorImpl.invoke(DelegatingMethodAccessorImpl.java:43)
	at java.lang.reflect.Method.invoke(Method.java:498)
	at org.apache.maven.surefire.util.ReflectionUtils.invokeMethodWithArray(ReflectionUtils.java:164)
	at org.apache.maven.surefire.booter.ProviderFactory$ProviderProxy.invoke(ProviderFactory.java:110)
	at org.apache.maven.surefire.booter.SurefireStarter.invokeProvider(SurefireStarter.java:175)
	at org.apache.maven.surefire.booter.SurefireStarter.runSuitesInProcessWhenForked(SurefireStarter.java:107)
	at org.apache.maven.surefire.booter.ForkedBooter.main(ForkedBooter.java:68)
Caused by: java.lang.NullPointerException
	at mx.com.gm.sga.servicio.PersonaServiceImpl.listarPersonas(PersonaServiceImpl.java:29)
	at sun.reflect.NativeMethodAccessorImpl.invoke0(Native Method)
	at sun.reflect.NativeMethodAccessorImpl.invoke(NativeMethodAccessorImpl.java:62)
	at sun.reflect.DelegatingMethodAccessorImpl.invoke(DelegatingMethodAccessorImpl.java:43)
	at java.lang.reflect.Method.invoke(Method.java:498)
	at org.glassfish.ejb.security.application.EJBSecurityManager.runMethod(EJBSecurityManager.java:1081)
	at org.glassfish.ejb.security.application.EJBSecurityManager.invoke(EJBSecurityManager.java:1153)
	at com.sun.ejb.containers.BaseContainer.invokeBeanMethod(BaseContainer.java:4786)
	at com.sun.ejb.EjbInvocation.invokeBeanMethod(EjbInvocation.java:656)
	at com.sun.ejb.containers.interceptors.AroundInvokeChainImpl.invokeNext(InterceptorManager.java:822)
	at com.sun.ejb.EjbInvocation.proceed(EjbInvocation.java:608)
	at com.sun.ejb.containers.interceptors.SystemInterceptorProxy.doCall(SystemInterceptorProxy.java:163)
	at com.sun.ejb.containers.interceptors.SystemInterceptorProxy.aroundInvoke(SystemInterceptorProxy.java:140)
	at sun.reflect.NativeMethodAccessorImpl.invoke0(Native Method)
	at sun.reflect.NativeMethodAccessorImpl.invoke(NativeMethodAccessorImpl.java:62)
	at sun.reflect.DelegatingMethodAccessorImpl.invoke(DelegatingMethodAccessorImpl.java:43)
	at java.lang.reflect.Method.invoke(Method.java:498)
	at com.sun.ejb.containers.interceptors.AroundInvokeInterceptor.intercept(InterceptorManager.java:883)
	at com.sun.ejb.containers.interceptors.AroundInvokeChainImpl.invokeNext(InterceptorManager.java:822)
	at com.sun.ejb.containers.interceptors.InterceptorManager.intercept(InterceptorManager.java:369)
	at com.sun.ejb.containers.BaseContainer.__intercept(BaseContainer.java:4758)
	at com.sun.ejb.containers.BaseContainer.intercept(BaseContainer.java:4746)
	at com.sun.ejb.containers.EJBLocalObjectInvocationHandler.invoke(EJBLocalObjectInvocationHandler.java:212)
	... 33 more
</error>
    <system-out>JdbcRuntimeExtension,  getAllSystemRAResourcesAndPools = [GlassFishConfigBean.org.glassfish.jdbc.config.JdbcResource, GlassFishConfigBean.org.glassfish.jdbc.config.JdbcResource, GlassFishConfigBean.org.glassfish.jdbc.config.JdbcConnectionPool, GlassFishConfigBean.org.glassfish.jdbc.config.JdbcConnectionPool, GlassFishConfigBean.org.glassfish.jdbc.config.JdbcConnectionPool, GlassFishConfigBean.org.glassfish.jdbc.config.JdbcResource, GlassFishConfigBean.org.glassfish.jdbc.config.JdbcConnectionPool, GlassFishConfigBean.org.glassfish.jdbc.config.JdbcResource]
[EL Info]: server: 2017-12-04 00:36:34.997--Detected server platform: org.eclipse.persistence.platform.server.NoServerPlatform.
Iniciando test EJB PersonaService
</system-out>
    <system-err>dic 04, 2017 12:31:58 AM org.glassfish.ejb.embedded.EJBContainerProviderImpl createContainer
INFORMACIÓN: [EJBContainerProviderImpl] Using installation location E:\developer\appServers\glassfish4\glassfish
dic 04, 2017 12:31:58 AM org.glassfish.ejb.embedded.EJBContainerProviderImpl createContainer
INFORMACIÓN: [EJBContainerProviderImpl] Using config file location: file:/C:/Users/Tata/AppData/Local/Temp/domain5754799120487129221xml
dic 04, 2017 12:31:58 AM org.glassfish.ejb.embedded.EJBContainerProviderImpl createContainer
INFORMACIÓN: [EJBContainerProviderImpl] Using runtime class: class com.sun.enterprise.glassfish.bootstrap.StaticGlassFishRuntime
dic 04, 2017 12:32:01 AM org.hibernate.validator.internal.util.Version &lt;clinit&gt;
INFO: HV000001: Hibernate Validator 5.1.2.Final
dic 04, 2017 12:32:02 AM org.glassfish.security.services.impl.authorization.AuthorizationServiceImpl initialize
INFORMACIÓN: Authorization Service has successfully initialized.
dic 04, 2017 12:32:02 AM com.sun.enterprise.security.auth.realm.Realm doInstantiate
INFORMACIÓN: Realm [admin-realm] of classtype [com.sun.enterprise.security.auth.realm.file.FileRealm] successfully created.
dic 04, 2017 12:32:02 AM com.sun.enterprise.security.auth.realm.Realm doInstantiate
INFORMACIÓN: Realm [file] of classtype [com.sun.enterprise.security.auth.realm.file.FileRealm] successfully created.
dic 04, 2017 12:32:02 AM com.sun.enterprise.security.auth.realm.Realm doInstantiate
INFORMACIÓN: Realm [certificate] of classtype [com.sun.enterprise.security.auth.realm.certificate.CertificateRealm] successfully created.
dic 04, 2017 12:32:02 AM org.glassfish.ha.store.spi.BackingStoreFactoryRegistry register
INFORMACIÓN: Registered org.glassfish.ha.store.adapter.cache.ShoalBackingStoreProxy for persistence-type = replicated in BackingStoreFactoryRegistry
dic 04, 2017 12:32:02 AM com.sun.enterprise.v3.server.AppServerStartup postStartupJob
INFORMACIÓN: GlassFish Server Open Source Edition  4.1.2  (1) startup time : Embedded (2.043ms), startup services(1.318ms), total(3.361ms)
dic 04, 2017 12:32:02 AM com.sun.jts.CosTransactions.DefaultTransactionService setServerName
INFORMACIÓN: JTS5014: Recoverable JTS instance, serverId = [100]
dic 04, 2017 12:32:02 AM org.glassfish.admin.mbeanserver.JMXStartupService$JMXConnectorsStarterThread run
INFORMACIÓN: JMXStartupService has disabled JMXConnector system
dic 04, 2017 12:32:03 AM org.glassfish.admin.mbeanserver.JMXStartupService shutdown
INFORMACIÓN: JMXStartupService and JMXConnectors have been shut down.
dic 04, 2017 12:32:03 AM com.sun.enterprise.v3.server.AppServerStartup stop
INFORMACIÓN: Shutdown procedure finished
dic 04, 2017 12:32:03 AM org.glassfish.ha.store.spi.BackingStoreFactoryRegistry register
INFORMACIÓN: Registered org.glassfish.ha.store.adapter.cache.ShoalBackingStoreProxy for persistence-type = replicated in BackingStoreFactoryRegistry
dic 04, 2017 12:32:03 AM com.sun.enterprise.v3.server.AppServerStartup postStartupJob
INFORMACIÓN: GlassFish Server Open Source Edition  4.1.2  (1) startup time : Embedded (4.117ms), startup services(25ms), total(4.142ms)
dic 04, 2017 12:32:03 AM org.glassfish.admin.mbeanserver.JMXStartupService$JMXConnectorsStarterThread run
INFORMACIÓN: JMXStartupService has disabled JMXConnector system
dic 04, 2017 12:32:03 AM org.glassfish.ejb.embedded.EJBContainerProviderImpl skipJar
INFORMACIÓN: ... skipping entry with a Manifest file with a special attribute: glassfish-embedded-static-shell.jar
dic 04, 2017 12:32:03 AM org.glassfish.ejb.embedded.EJBContainerProviderImpl skipJar
INFORMACIÓN: ... skipping entry with a Manifest file with a special attribute: gf-client-4.1.2.jar
dic 04, 2017 12:32:03 AM org.glassfish.ejb.embedded.EJBContainerProviderImpl skipJar
INFORMACIÓN: ... skipping entry with a Manifest file with a special attribute: gf-client-module-4.1.2.jar
dic 04, 2017 12:32:03 AM org.glassfish.ejb.embedded.EJBContainerProviderImpl skipJar
INFORMACIÓN: ... skipping entry with a Manifest file with a special attribute: hk2-core-2.4.0-b31.jar
dic 04, 2017 12:32:03 AM org.glassfish.ejb.embedded.EJBContainerProviderImpl skipJar
INFORMACIÓN: ... skipping entry with a Manifest file with a special attribute: hk2-locator-2.4.0-b31.jar
dic 04, 2017 12:32:03 AM org.glassfish.ejb.embedded.EJBContainerProviderImpl skipJar
INFORMACIÓN: ... skipping entry with a Manifest file with a special attribute: javax.inject-2.4.0-b31.jar
dic 04, 2017 12:32:03 AM org.glassfish.ejb.embedded.EJBContainerProviderImpl skipJar
INFORMACIÓN: ... skipping entry with a Manifest file with a special attribute: aopalliance-repackaged-2.4.0-b31.jar
dic 04, 2017 12:32:03 AM org.glassfish.ejb.embedded.EJBContainerProviderImpl skipJar
INFORMACIÓN: ... skipping entry with a Manifest file with a special attribute: hk2-api-2.4.0-b31.jar
dic 04, 2017 12:32:03 AM org.glassfish.ejb.embedded.EJBContainerProviderImpl skipJar
INFORMACIÓN: ... skipping entry with a Manifest file with a special attribute: hk2-utils-2.4.0-b31.jar
dic 04, 2017 12:32:03 AM org.glassfish.ejb.embedded.EJBContainerProviderImpl skipJar
INFORMACIÓN: ... skipping entry with a Manifest file with a special attribute: common-util-4.1.2.jar
dic 04, 2017 12:32:03 AM org.glassfish.ejb.embedded.EJBContainerProviderImpl skipJar
INFORMACIÓN: ... skipping entry with a Manifest file with a special attribute: ejb-full-container-4.1.2.jar
dic 04, 2017 12:32:03 AM org.glassfish.ejb.embedded.EJBContainerProviderImpl skipJar
INFORMACIÓN: ... skipping entry with a Manifest file with a special attribute: ejb-container-4.1.2.jar
dic 04, 2017 12:32:03 AM org.glassfish.ejb.embedded.EJBContainerProviderImpl skipJar
INFORMACIÓN: ... skipping entry with a Manifest file with a special attribute: ejb-client-4.1.2.jar
dic 04, 2017 12:32:03 AM org.glassfish.ejb.embedded.EJBContainerProviderImpl skipJar
INFORMACIÓN: ... skipping entry with a Manifest file with a special attribute: stats77-4.1.2.jar
dic 04, 2017 12:32:03 AM org.glassfish.ejb.embedded.EJBContainerProviderImpl skipJar
INFORMACIÓN: ... skipping entry with a Manifest file with a special attribute: asm-all-3.3.jar
dic 04, 2017 12:32:03 AM org.glassfish.ejb.embedded.EJBContainerProviderImpl skipJar
INFORMACIÓN: ... skipping entry with a Manifest file with a special attribute: container-common-4.1.2.jar
dic 04, 2017 12:32:03 AM org.glassfish.ejb.embedded.EJBContainerProviderImpl skipJar
INFORMACIÓN: ... skipping entry with a Manifest file with a special attribute: internal-api-4.1.2.jar
dic 04, 2017 12:32:03 AM org.glassfish.ejb.embedded.EJBContainerProviderImpl skipJar
INFORMACIÓN: ... skipping entry with a Manifest file with a special attribute: config-api-4.1.2.jar
dic 04, 2017 12:32:03 AM org.glassfish.ejb.embedded.EJBContainerProviderImpl skipJar
INFORMACIÓN: ... skipping entry with a Manifest file with a special attribute: admin-util-4.1.2.jar
dic 04, 2017 12:32:03 AM org.glassfish.ejb.embedded.EJBContainerProviderImpl skipJar
INFORMACIÓN: ... skipping entry with a Manifest file with a special attribute: security-services-4.1.2.jar
dic 04, 2017 12:32:14 AM org.glassfish.ejb.embedded.EJBContainerProviderImpl skipJar
INFORMACIÓN: ... skipping entry with a Manifest file with a special attribute: security-4.1.2.jar
dic 04, 2017 12:32:14 AM org.glassfish.ejb.embedded.EJBContainerProviderImpl skipJar
INFORMACIÓN: ... skipping entry with a Manifest file with a special attribute: ssl-impl-4.1.2.jar
dic 04, 2017 12:32:14 AM org.glassfish.ejb.embedded.EJBContainerProviderImpl skipJar
INFORMACIÓN: ... skipping entry with a Manifest file with a special attribute: ldapbp-repackaged-4.1.2.jar
dic 04, 2017 12:32:14 AM org.glassfish.ejb.embedded.EJBContainerProviderImpl skipJar
INFORMACIÓN: ... skipping entry with a Manifest file with a special attribute: connectors-internal-api-4.1.2.jar
dic 04, 2017 12:32:14 AM org.glassfish.ejb.embedded.EJBContainerProviderImpl skipJar
INFORMACIÓN: ... skipping entry with a Manifest file with a special attribute: ha-api-3.1.8.jar
dic 04, 2017 12:32:14 AM org.glassfish.ejb.embedded.EJBContainerProviderImpl skipJar
INFORMACIÓN: ... skipping entry with a Manifest file with a special attribute: dol-4.1.2.jar
dic 04, 2017 12:32:14 AM org.glassfish.ejb.embedded.EJBContainerProviderImpl skipJar
INFORMACIÓN: ... skipping entry with a Manifest file with a special attribute: deployment-common-4.1.2.jar
dic 04, 2017 12:32:14 AM org.glassfish.ejb.embedded.EJBContainerProviderImpl skipJar
INFORMACIÓN: ... skipping entry with a Manifest file with a special attribute: annotation-framework-4.1.2.jar
dic 04, 2017 12:32:14 AM org.glassfish.ejb.embedded.EJBContainerProviderImpl skipJar
INFORMACIÓN: ... skipping entry with a Manifest file with a special attribute: appclient.security-4.1.2.jar
dic 04, 2017 12:32:14 AM org.glassfish.ejb.embedded.EJBContainerProviderImpl skipJar
INFORMACIÓN: ... skipping entry with a Manifest file with a special attribute: security-ee-4.1.2.jar
dic 04, 2017 12:32:14 AM org.glassfish.ejb.embedded.EJBContainerProviderImpl skipJar
INFORMACIÓN: ... skipping entry with a Manifest file with a special attribute: glassfish-ee-api-4.1.2.jar
dic 04, 2017 12:32:14 AM org.glassfish.ejb.embedded.EJBContainerProviderImpl skipJar
INFORMACIÓN: ... skipping entry with a Manifest file with a special attribute: jaspic.provider.framework-4.1.2.jar
dic 04, 2017 12:32:14 AM org.glassfish.ejb.embedded.EJBContainerProviderImpl skipJar
INFORMACIÓN: ... skipping entry with a Manifest file with a special attribute: libpam4j-repackaged-4.1.2.jar
dic 04, 2017 12:32:14 AM org.glassfish.ejb.embedded.EJBContainerProviderImpl skipJar
INFORMACIÓN: ... skipping entry with a Manifest file with a special attribute: ejb.security-4.1.2.jar
dic 04, 2017 12:32:14 AM org.glassfish.ejb.embedded.EJBContainerProviderImpl skipJar
INFORMACIÓN: ... skipping entry with a Manifest file with a special attribute: glassfish-api-4.1.2.jar
dic 04, 2017 12:32:14 AM org.glassfish.ejb.embedded.EJBContainerProviderImpl skipJar
INFORMACIÓN: ... skipping entry with a Manifest file with a special attribute: scattered-archive-api-4.1.2.jar
dic 04, 2017 12:32:14 AM org.glassfish.ejb.embedded.EJBContainerProviderImpl skipJar
INFORMACIÓN: ... skipping entry with a Manifest file with a special attribute: hk2-2.4.0-b31.jar
dic 04, 2017 12:32:14 AM org.glassfish.ejb.embedded.EJBContainerProviderImpl skipJar
INFORMACIÓN: ... skipping entry with a Manifest file with a special attribute: config-types-2.4.0-b31.jar
dic 04, 2017 12:32:14 AM org.glassfish.ejb.embedded.EJBContainerProviderImpl skipJar
INFORMACIÓN: ... skipping entry with a Manifest file with a special attribute: hk2-config-2.4.0-b31.jar
dic 04, 2017 12:32:14 AM org.glassfish.ejb.embedded.EJBContainerProviderImpl skipJar
INFORMACIÓN: ... skipping entry with a Manifest file with a special attribute: bean-validator-2.4.0-b31.jar
dic 04, 2017 12:32:14 AM org.glassfish.ejb.embedded.EJBContainerProviderImpl skipJar
INFORMACIÓN: ... skipping entry with a Manifest file with a special attribute: hk2-runlevel-2.4.0-b31.jar
dic 04, 2017 12:32:14 AM org.glassfish.ejb.embedded.EJBContainerProviderImpl skipJar
INFORMACIÓN: ... skipping entry with a Manifest file with a special attribute: class-model-2.4.0-b31.jar
dic 04, 2017 12:32:14 AM org.glassfish.ejb.embedded.EJBContainerProviderImpl skipJar
INFORMACIÓN: ... skipping entry with a Manifest file with a special attribute: asm-all-repackaged-2.4.0-b31.jar
dic 04, 2017 12:32:14 AM org.glassfish.ejb.embedded.EJBContainerProviderImpl skipJar
INFORMACIÓN: ... skipping entry with a Manifest file with a special attribute: nucleus-grizzly-all-4.1.2.jar
dic 04, 2017 12:32:14 AM org.glassfish.ejb.embedded.EJBContainerProviderImpl skipJar
INFORMACIÓN: ... skipping entry with a Manifest file with a special attribute: grizzly-portunif-2.3.23.jar
dic 04, 2017 12:32:14 AM org.glassfish.ejb.embedded.EJBContainerProviderImpl skipJar
INFORMACIÓN: ... skipping entry with a Manifest file with a special attribute: grizzly-http-2.3.23.jar
dic 04, 2017 12:32:14 AM org.glassfish.ejb.embedded.EJBContainerProviderImpl skipJar
INFORMACIÓN: ... skipping entry with a Manifest file with a special attribute: grizzly-http-server-2.3.23.jar
dic 04, 2017 12:32:14 AM org.glassfish.ejb.embedded.EJBContainerProviderImpl skipJar
INFORMACIÓN: ... skipping entry with a Manifest file with a special attribute: grizzly-config-4.1.2.jar
dic 04, 2017 12:32:14 AM org.glassfish.ejb.embedded.EJBContainerProviderImpl skipJar
INFORMACIÓN: ... skipping entry with a Manifest file with a special attribute: management-api-3.2.1-b002.jar
dic 04, 2017 12:32:14 AM org.glassfish.ejb.embedded.EJBContainerProviderImpl skipJar
INFORMACIÓN: ... skipping entry with a Manifest file with a special attribute: webservices.security-4.1.2.jar
dic 04, 2017 12:32:14 AM org.glassfish.ejb.embedded.EJBContainerProviderImpl skipJar
INFORMACIÓN: ... skipping entry with a Manifest file with a special attribute: kernel-4.1.2.jar
dic 04, 2017 12:32:14 AM org.glassfish.ejb.embedded.EJBContainerProviderImpl skipJar
INFORMACIÓN: ... skipping entry with a Manifest file with a special attribute: flashlight-framework-4.1.2.jar
dic 04, 2017 12:32:14 AM org.glassfish.ejb.embedded.EJBContainerProviderImpl skipJar
INFORMACIÓN: ... skipping entry with a Manifest file with a special attribute: logging-4.1.2.jar
dic 04, 2017 12:32:14 AM org.glassfish.ejb.embedded.EJBContainerProviderImpl skipJar
INFORMACIÓN: ... skipping entry with a Manifest file with a special attribute: web-glue-4.1.2.jar
dic 04, 2017 12:32:14 AM org.glassfish.ejb.embedded.EJBContainerProviderImpl skipJar
INFORMACIÓN: ... skipping entry with a Manifest file with a special attribute: web-cli-4.1.2.jar
dic 04, 2017 12:32:14 AM org.glassfish.ejb.embedded.EJBContainerProviderImpl skipJar
INFORMACIÓN: ... skipping entry with a Manifest file with a special attribute: amx-javaee-4.1.2.jar
dic 04, 2017 12:32:14 AM org.glassfish.ejb.embedded.EJBContainerProviderImpl skipJar
INFORMACIÓN: ... skipping entry with a Manifest file with a special attribute: amx-core-4.1.2.jar
dic 04, 2017 12:32:14 AM org.glassfish.ejb.embedded.EJBContainerProviderImpl skipJar
INFORMACIÓN: ... skipping entry with a Manifest file with a special attribute: war-util-4.1.2.jar
dic 04, 2017 12:32:14 AM org.glassfish.ejb.embedded.EJBContainerProviderImpl skipJar
INFORMACIÓN: ... skipping entry with a Manifest file with a special attribute: web-naming-4.1.2.jar
dic 04, 2017 12:32:14 AM org.glassfish.ejb.embedded.EJBContainerProviderImpl skipJar
INFORMACIÓN: ... skipping entry with a Manifest file with a special attribute: web-core-4.1.2.jar
dic 04, 2017 12:32:14 AM org.glassfish.ejb.embedded.EJBContainerProviderImpl skipJar
INFORMACIÓN: ... skipping entry with a Manifest file with a special attribute: javax.servlet.jsp-2.3.3-b02.jar
dic 04, 2017 12:32:15 AM org.glassfish.ejb.embedded.EJBContainerProviderImpl skipJar
INFORMACIÓN: ... skipping entry with a Manifest file with a special attribute: admin-core-4.1.2.jar
dic 04, 2017 12:32:15 AM org.glassfish.ejb.embedded.EJBContainerProviderImpl skipJar
INFORMACIÓN: ... skipping entry with a Manifest file with a special attribute: web-gui-plugin-common-4.1.2.jar
dic 04, 2017 12:32:15 AM org.glassfish.ejb.embedded.EJBContainerProviderImpl skipJar
INFORMACIÓN: ... skipping entry with a Manifest file with a special attribute: web-embed-api-4.1.2.jar
dic 04, 2017 12:32:15 AM org.glassfish.ejb.embedded.EJBContainerProviderImpl skipJar
INFORMACIÓN: ... skipping entry with a Manifest file with a special attribute: gf-web-connector-4.1.2.jar
dic 04, 2017 12:32:15 AM org.glassfish.ejb.embedded.EJBContainerProviderImpl skipJar
INFORMACIÓN: ... skipping entry with a Manifest file with a special attribute: web-sse-4.1.2.jar
dic 04, 2017 12:32:15 AM org.glassfish.ejb.embedded.EJBContainerProviderImpl skipJar
INFORMACIÓN: ... skipping entry with a Manifest file with a special attribute: webservices-osgi-2.3.2-b608.jar
dic 04, 2017 12:32:15 AM org.glassfish.ejb.embedded.EJBContainerProviderImpl skipJar
INFORMACIÓN: ... skipping entry with a Manifest file with a special attribute: webservices-extra-jdk-packages-2.3.2-b608.jar
dic 04, 2017 12:32:24 AM org.glassfish.ejb.embedded.EJBContainerProviderImpl skipJar
INFORMACIÓN: ... skipping entry with a Manifest file with a special attribute: websecurity-4.1.2.jar
dic 04, 2017 12:32:24 AM org.glassfish.ejb.embedded.EJBContainerProviderImpl skipJar
INFORMACIÓN: ... skipping entry with a Manifest file with a special attribute: jsr109-impl-4.1.2.jar
dic 04, 2017 12:32:24 AM org.glassfish.ejb.embedded.EJBContainerProviderImpl skipJar
INFORMACIÓN: ... skipping entry with a Manifest file with a special attribute: grizzly-http-servlet-2.3.23.jar
dic 04, 2017 12:32:24 AM org.glassfish.ejb.embedded.EJBContainerProviderImpl skipJar
INFORMACIÓN: ... skipping entry with a Manifest file with a special attribute: glassfish-naming-4.1.2.jar
dic 04, 2017 12:32:24 AM org.glassfish.ejb.embedded.EJBContainerProviderImpl skipJar
INFORMACIÓN: ... skipping entry with a Manifest file with a special attribute: work-management-4.1.2.jar
dic 04, 2017 12:32:24 AM org.glassfish.ejb.embedded.EJBContainerProviderImpl skipJar
INFORMACIÓN: ... skipping entry with a Manifest file with a special attribute: transaction-internal-api-4.1.2.jar
dic 04, 2017 12:32:24 AM org.glassfish.ejb.embedded.EJBContainerProviderImpl skipJar
INFORMACIÓN: ... skipping entry with a Manifest file with a special attribute: gmbal-4.0.0-b001.jar
dic 04, 2017 12:32:24 AM org.glassfish.ejb.embedded.EJBContainerProviderImpl skipJar
INFORMACIÓN: ... skipping entry with a Manifest file with a special attribute: pfl-tf-4.0.0-b003.jar
dic 04, 2017 12:32:24 AM org.glassfish.ejb.embedded.EJBContainerProviderImpl skipJar
INFORMACIÓN: ... skipping entry with a Manifest file with a special attribute: pfl-basic-tools-4.0.0-b003.jar
dic 04, 2017 12:32:24 AM org.glassfish.ejb.embedded.EJBContainerProviderImpl skipJar
INFORMACIÓN: ... skipping entry with a Manifest file with a special attribute: pfl-tf-tools-4.0.0-b003.jar
dic 04, 2017 12:32:24 AM org.glassfish.ejb.embedded.EJBContainerProviderImpl skipJar
INFORMACIÓN: ... skipping entry with a Manifest file with a special attribute: connectors-inbound-runtime-4.1.2.jar
dic 04, 2017 12:32:24 AM org.glassfish.ejb.embedded.EJBContainerProviderImpl skipJar
INFORMACIÓN: ... skipping entry with a Manifest file with a special attribute: connectors-runtime-4.1.2.jar
dic 04, 2017 12:32:24 AM org.glassfish.ejb.embedded.EJBContainerProviderImpl skipJar
INFORMACIÓN: ... skipping entry with a Manifest file with a special attribute: gf-connectors-connector-4.1.2.jar
dic 04, 2017 12:32:24 AM org.glassfish.ejb.embedded.EJBContainerProviderImpl skipJar
INFORMACIÓN: ... skipping entry with a Manifest file with a special attribute: ejb-internal-api-4.1.2.jar
dic 04, 2017 12:32:24 AM org.glassfish.ejb.embedded.EJBContainerProviderImpl skipJar
INFORMACIÓN: ... skipping entry with a Manifest file with a special attribute: orb-connector-4.1.2.jar
dic 04, 2017 12:32:24 AM org.glassfish.ejb.embedded.EJBContainerProviderImpl skipJar
INFORMACIÓN: ... skipping entry with a Manifest file with a special attribute: orb-enabler-4.1.2.jar
dic 04, 2017 12:32:24 AM org.glassfish.ejb.embedded.EJBContainerProviderImpl skipJar
INFORMACIÓN: ... skipping entry with a Manifest file with a special attribute: pfl-basic-4.0.0-b004.jar
dic 04, 2017 12:32:24 AM org.glassfish.ejb.embedded.EJBContainerProviderImpl skipJar
INFORMACIÓN: ... skipping entry with a Manifest file with a special attribute: glassfish-corba-omgapi-4.0.1.jar
dic 04, 2017 12:32:24 AM org.glassfish.ejb.embedded.EJBContainerProviderImpl skipJar
INFORMACIÓN: ... skipping entry with a Manifest file with a special attribute: glassfish-corba-internal-api-4.0.1.jar
dic 04, 2017 12:32:25 AM org.glassfish.ejb.embedded.EJBContainerProviderImpl skipJar
INFORMACIÓN: ... skipping entry with a Manifest file with a special attribute: monitoring-core-4.1.2.jar
dic 04, 2017 12:32:25 AM org.glassfish.ejb.embedded.EJBContainerProviderImpl skipJar
INFORMACIÓN: ... skipping entry with a Manifest file with a special attribute: webservices-connector-4.1.2.jar
dic 04, 2017 12:32:25 AM org.glassfish.ejb.embedded.EJBContainerProviderImpl skipJar
INFORMACIÓN: ... skipping entry with a Manifest file with a special attribute: glassfish-corba-orb-4.0.1.jar
dic 04, 2017 12:32:25 AM org.glassfish.ejb.embedded.EJBContainerProviderImpl skipJar
INFORMACIÓN: ... skipping entry with a Manifest file with a special attribute: glassfish-corba-csiv2-idl-4.0.1.jar
dic 04, 2017 12:32:26 AM org.glassfish.ejb.embedded.EJBContainerProviderImpl skipJar
INFORMACIÓN: ... skipping entry with a Manifest file with a special attribute: pfl-dynamic-4.0.0-b004.jar
dic 04, 2017 12:32:26 AM org.glassfish.ejb.embedded.EJBContainerProviderImpl skipJar
INFORMACIÓN: ... skipping entry with a Manifest file with a special attribute: grizzly-framework-2.2.10.jar
dic 04, 2017 12:32:27 AM org.glassfish.ejb.embedded.EJBContainerProviderImpl skipJar
INFORMACIÓN: ... skipping entry with a Manifest file with a special attribute: orb-iiop-4.1.2.jar
dic 04, 2017 12:32:27 AM org.glassfish.ejb.embedded.EJBContainerProviderImpl skipJar
INFORMACIÓN: ... skipping entry with a Manifest file with a special attribute: gms-bootstrap-4.1.2.jar
dic 04, 2017 12:32:27 AM org.glassfish.ejb.embedded.EJBContainerProviderImpl skipJar
INFORMACIÓN: ... skipping entry with a Manifest file with a special attribute: pfl-asm-4.0.0-b004.jar
dic 04, 2017 12:32:27 AM org.glassfish.ejb.embedded.EJBContainerProviderImpl skipJar
INFORMACIÓN: ... skipping entry with a Manifest file with a special attribute: glassfish-4.1.2.jar
dic 04, 2017 12:32:27 AM org.glassfish.ejb.embedded.EJBContainerProviderImpl skipJar
INFORMACIÓN: ... skipping entry with a Manifest file with a special attribute: simple-glassfish-api-4.1.2.jar
dic 04, 2017 12:32:27 AM org.glassfish.ejb.embedded.EJBContainerProviderImpl skipJar
INFORMACIÓN: ... skipping entry with a Manifest file with a special attribute: acc-config-4.1.2.jar
dic 04, 2017 12:32:27 AM org.glassfish.ejb.embedded.EJBContainerProviderImpl skipJar
INFORMACIÓN: ... skipping entry with a Manifest file with a special attribute: jts-4.1.2.jar
dic 04, 2017 12:32:27 AM org.glassfish.ejb.embedded.EJBContainerProviderImpl skipJar
INFORMACIÓN: ... skipping entry with a Manifest file with a special attribute: jta-4.1.2.jar
dic 04, 2017 12:32:27 AM org.glassfish.ejb.embedded.EJBContainerProviderImpl skipJar
INFORMACIÓN: ... skipping entry with a Manifest file with a special attribute: jms-core-4.1.2.jar
dic 04, 2017 12:32:27 AM org.glassfish.ejb.embedded.EJBContainerProviderImpl skipJar
INFORMACIÓN: ... skipping entry with a Manifest file with a special attribute: gf-jms-connector-4.1.2.jar
dic 04, 2017 12:32:27 AM org.glassfish.ejb.embedded.EJBContainerProviderImpl skipJar
INFORMACIÓN: ... skipping entry with a Manifest file with a special attribute: glassfish-mbeanserver-4.1.2.jar
dic 04, 2017 12:32:27 AM org.glassfish.ejb.embedded.EJBContainerProviderImpl skipJar
INFORMACIÓN: ... skipping entry with a Manifest file with a special attribute: jmxremote_optional-repackaged-4.1.2.jar
dic 04, 2017 12:32:27 AM org.glassfish.ejb.embedded.EJBContainerProviderImpl skipJar
INFORMACIÓN: ... skipping entry with a Manifest file with a special attribute: gf-ejb-connector-4.1.2.jar
dic 04, 2017 12:32:28 AM org.glassfish.ejb.embedded.EJBContainerProviderImpl skipJar
INFORMACIÓN: ... skipping entry with a Manifest file with a special attribute: org.eclipse.persistence.core-2.6.1-RC1.jar
dic 04, 2017 12:32:28 AM org.glassfish.ejb.embedded.EJBContainerProviderImpl skipJar
INFORMACIÓN: ... skipping entry with a Manifest file with a special attribute: org.eclipse.persistence.jpa-2.6.1-RC1.jar
dic 04, 2017 12:32:28 AM org.glassfish.ejb.embedded.EJBContainerProviderImpl skipJar
INFORMACIÓN: ... skipping entry with a Manifest file with a special attribute: org.eclipse.persistence.jpa.jpql-2.6.1-RC1.jar
dic 04, 2017 12:32:28 AM org.glassfish.ejb.embedded.EJBContainerProviderImpl skipJar
INFORMACIÓN: ... skipping entry with a Manifest file with a special attribute: org.eclipse.persistence.jpa.modelgen.processor-2.6.1-RC1.jar
dic 04, 2017 12:32:28 AM org.glassfish.ejb.embedded.EJBContainerProviderImpl skipJar
INFORMACIÓN: ... skipping entry with a Manifest file with a special attribute: org.eclipse.persistence.moxy-2.6.1-RC1.jar
dic 04, 2017 12:32:29 AM org.glassfish.ejb.embedded.EJBContainerProviderImpl skipJar
INFORMACIÓN: ... skipping entry with a Manifest file with a special attribute: org.eclipse.persistence.dbws-2.6.1-RC1.jar
dic 04, 2017 12:32:29 AM org.glassfish.ejb.embedded.EJBContainerProviderImpl skipJar
INFORMACIÓN: ... skipping entry with a Manifest file with a special attribute: org.eclipse.persistence.oracle-2.6.1-RC1.jar
dic 04, 2017 12:32:29 AM org.glassfish.ejb.embedded.EJBContainerProviderImpl skipJar
INFORMACIÓN: ... skipping entry with a Manifest file with a special attribute: org.eclipse.persistence.antlr-2.6.1-RC1.jar
dic 04, 2017 12:32:29 AM org.glassfish.ejb.embedded.EJBContainerProviderImpl skipJar
INFORMACIÓN: ... skipping entry with a Manifest file with a special attribute: org.eclipse.persistence.asm-2.6.1-RC1.jar
dic 04, 2017 12:32:29 AM org.glassfish.ejb.embedded.EJBContainerProviderImpl skipJar
INFORMACIÓN: ... skipping entry with a Manifest file with a special attribute: jpa-container-4.1.2.jar
dic 04, 2017 12:32:29 AM org.glassfish.ejb.embedded.EJBContainerProviderImpl skipJar
INFORMACIÓN: ... skipping entry with a Manifest file with a special attribute: persistence-common-4.1.2.jar
dic 04, 2017 12:32:29 AM org.glassfish.ejb.embedded.EJBContainerProviderImpl skipJar
INFORMACIÓN: ... skipping entry with a Manifest file with a special attribute: deployment-javaee-core-4.1.2.jar
dic 04, 2017 12:32:29 AM org.glassfish.ejb.embedded.EJBContainerProviderImpl skipJar
INFORMACIÓN: ... skipping entry with a Manifest file with a special attribute: cmp-internal-api-4.1.2.jar
dic 04, 2017 12:32:45 AM org.glassfish.ejb.embedded.EJBContainerProviderImpl skipJar
INFORMACIÓN: ... skipping entry with a Manifest file with a special attribute: webservices-api-osgi-2.3.2-b608.jar
dic 04, 2017 12:32:45 AM org.glassfish.ejb.embedded.EJBContainerProviderImpl skipJar
INFORMACIÓN: ... skipping entry with a Manifest file with a special attribute: appclient-connector-4.1.2.jar
dic 04, 2017 12:32:45 AM org.glassfish.ejb.embedded.EJBContainerProviderImpl skipJar
INFORMACIÓN: ... skipping entry with a Manifest file with a special attribute: javamail-connector-4.1.2.jar
dic 04, 2017 12:32:45 AM org.glassfish.ejb.embedded.EJBContainerProviderImpl skipJar
INFORMACIÓN: ... skipping entry with a Manifest file with a special attribute: resources-connector-4.1.2.jar
dic 04, 2017 12:32:45 AM org.glassfish.ejb.embedded.EJBContainerProviderImpl skipJar
INFORMACIÓN: ... skipping entry with a Manifest file with a special attribute: nucleus-resources-4.1.2.jar
dic 04, 2017 12:32:45 AM org.glassfish.ejb.embedded.EJBContainerProviderImpl skipJar
INFORMACIÓN: ... skipping entry with a Manifest file with a special attribute: javamail-runtime-4.1.2.jar
dic 04, 2017 12:32:45 AM org.glassfish.ejb.embedded.EJBContainerProviderImpl skipJar
INFORMACIÓN: ... skipping entry with a Manifest file with a special attribute: javax.json-1.0.4.jar
dic 04, 2017 12:32:46 AM org.glassfish.deployment.common.GenericAnnotationDetector scanArchive
ADVERTENCIA: Failed to scan archive for annotations: 24443
dic 04, 2017 12:32:49 AM org.glassfish.ejb.embedded.DeploymentElement getOrCreateApplication
INFORMACIÓN: [DeploymentElement] adding EJB module to ScatteredArchive classes
dic 04, 2017 12:32:49 AM org.glassfish.ejb.embedded.DeploymentElement getOrCreateApplication
INFORMACIÓN: [DeploymentElement] adding library to ScatteredArchive weld-api-2.2.SP4.jar
dic 04, 2017 12:32:49 AM org.glassfish.ejb.embedded.DeploymentElement getOrCreateApplication
INFORMACIÓN: [DeploymentElement] adding library to ScatteredArchive javax.ejb-api-3.2.jar
dic 04, 2017 12:32:49 AM org.glassfish.ejb.embedded.DeploymentElement getOrCreateApplication
INFORMACIÓN: [DeploymentElement] adding library to ScatteredArchive jackson-jaxrs-base-2.5.1.jar
dic 04, 2017 12:32:49 AM org.glassfish.ejb.embedded.DeploymentElement getOrCreateApplication
INFORMACIÓN: [DeploymentElement] adding library to ScatteredArchive weld-environment-common-2.2.13.Final.jar
dic 04, 2017 12:32:49 AM org.glassfish.ejb.embedded.DeploymentElement getOrCreateApplication
INFORMACIÓN: [DeploymentElement] adding library to ScatteredArchive javax.security.auth.message-api-1.1.jar
dic 04, 2017 12:32:49 AM org.glassfish.ejb.embedded.DeploymentElement getOrCreateApplication
INFORMACIÓN: [DeploymentElement] adding library to ScatteredArchive jboss-classfilewriter-1.0.5.Final.jar
dic 04, 2017 12:32:49 AM org.glassfish.ejb.embedded.DeploymentElement getOrCreateApplication
INFORMACIÓN: [DeploymentElement] adding library to ScatteredArchive log4j-core-2.8.2.jar
dic 04, 2017 12:32:49 AM org.glassfish.ejb.embedded.DeploymentElement getOrCreateApplication
INFORMACIÓN: [DeploymentElement] adding library to ScatteredArchive woodstox-core-asl-4.2.0.jar
dic 04, 2017 12:32:49 AM org.glassfish.ejb.embedded.DeploymentElement getOrCreateApplication
INFORMACIÓN: [DeploymentElement] adding library to ScatteredArchive hamcrest-library-1.3.jar
dic 04, 2017 12:32:49 AM org.glassfish.ejb.embedded.DeploymentElement getOrCreateApplication
INFORMACIÓN: [DeploymentElement] adding library to ScatteredArchive jaxb-osgi-2.2.12-b141219.1637.jar
dic 04, 2017 12:32:49 AM org.glassfish.ejb.embedded.DeploymentElement getOrCreateApplication
INFORMACIÓN: [DeploymentElement] adding library to ScatteredArchive activation-1.1.jar
dic 04, 2017 12:32:49 AM org.glassfish.ejb.embedded.DeploymentElement getOrCreateApplication
INFORMACIÓN: [DeploymentElement] adding library to ScatteredArchive javax.persistence-2.1.0.jar
dic 04, 2017 12:32:49 AM org.glassfish.ejb.embedded.DeploymentElement getOrCreateApplication
INFORMACIÓN: [DeploymentElement] adding library to ScatteredArchive mimepull-1.9.4.jar
dic 04, 2017 12:32:49 AM org.glassfish.ejb.embedded.DeploymentElement getOrCreateApplication
INFORMACIÓN: [DeploymentElement] adding library to ScatteredArchive javax.interceptor-api-1.2.jar
dic 04, 2017 12:32:49 AM org.glassfish.ejb.embedded.DeploymentElement getOrCreateApplication
INFORMACIÓN: [DeploymentElement] adding library to ScatteredArchive javax.xml.registry-api-1.0.7.jar
dic 04, 2017 12:32:49 AM org.glassfish.ejb.embedded.DeploymentElement getOrCreateApplication
INFORMACIÓN: [DeploymentElement] adding library to ScatteredArchive jboss-annotations-api_1.2_spec-1.0.0.Alpha1.jar
dic 04, 2017 12:32:49 AM org.glassfish.ejb.embedded.DeploymentElement getOrCreateApplication
INFORMACIÓN: [DeploymentElement] adding library to ScatteredArchive javax.enterprise.deploy-api-1.6.jar
dic 04, 2017 12:32:49 AM org.glassfish.ejb.embedded.DeploymentElement getOrCreateApplication
INFORMACIÓN: [DeploymentElement] adding library to ScatteredArchive jboss-interceptors-api_1.2_spec-1.0.0.Alpha3.jar
dic 04, 2017 12:32:49 AM org.glassfish.ejb.embedded.DeploymentElement getOrCreateApplication
INFORMACIÓN: [DeploymentElement] adding library to ScatteredArchive javaee-api-7.0.jar
dic 04, 2017 12:32:49 AM org.glassfish.ejb.embedded.DeploymentElement getOrCreateApplication
INFORMACIÓN: [DeploymentElement] adding library to ScatteredArchive exception-annotation-processor-4.0.1.jar
dic 04, 2017 12:32:49 AM org.glassfish.ejb.embedded.DeploymentElement getOrCreateApplication
INFORMACIÓN: [DeploymentElement] adding library to ScatteredArchive guava-13.0.1.jar
dic 04, 2017 12:32:49 AM org.glassfish.ejb.embedded.DeploymentElement getOrCreateApplication
INFORMACIÓN: [DeploymentElement] adding library to ScatteredArchive api-exporter-4.1.2.jar
dic 04, 2017 12:32:49 AM org.glassfish.ejb.embedded.DeploymentElement getOrCreateApplication
INFORMACIÓN: [DeploymentElement] adding library to ScatteredArchive jboss-logging-3.1.3.GA.jar
dic 04, 2017 12:32:49 AM org.glassfish.ejb.embedded.DeploymentElement getOrCreateApplication
INFORMACIÓN: [DeploymentElement] adding library to ScatteredArchive log4j-api-2.8.2.jar
dic 04, 2017 12:32:49 AM org.glassfish.ejb.embedded.DeploymentElement getOrCreateApplication
INFORMACIÓN: [DeploymentElement] adding library to ScatteredArchive javax.el-3.0.1-b08.jar
dic 04, 2017 12:32:49 AM org.glassfish.ejb.embedded.DeploymentElement getOrCreateApplication
INFORMACIÓN: [DeploymentElement] adding library to ScatteredArchive cdi-api-1.2.jar
dic 04, 2017 12:32:49 AM org.glassfish.ejb.embedded.DeploymentElement getOrCreateApplication
INFORMACIÓN: [DeploymentElement] adding library to ScatteredArchive simplestub-1.0.4.jar
dic 04, 2017 12:32:49 AM org.glassfish.ejb.embedded.DeploymentElement getOrCreateApplication
INFORMACIÓN: [DeploymentElement] adding library to ScatteredArchive mysql-connector-java-5.1.41.jar
dic 04, 2017 12:32:49 AM org.glassfish.ejb.embedded.DeploymentElement getOrCreateApplication
INFORMACIÓN: [DeploymentElement] adding library to ScatteredArchive validation-api-1.1.0.Final.jar
dic 04, 2017 12:32:49 AM org.glassfish.ejb.embedded.DeploymentElement getOrCreateApplication
INFORMACIÓN: [DeploymentElement] adding library to ScatteredArchive javax.jms-api-2.0.1.jar
dic 04, 2017 12:32:49 AM org.glassfish.ejb.embedded.DeploymentElement getOrCreateApplication
INFORMACIÓN: [DeploymentElement] adding library to ScatteredArchive commons-logging-1.1.2.jar
dic 04, 2017 12:32:49 AM org.glassfish.ejb.embedded.DeploymentElement getOrCreateApplication
INFORMACIÓN: [DeploymentElement] adding library to ScatteredArchive shoal-gms-api-1.6.18.jar
dic 04, 2017 12:32:49 AM org.glassfish.ejb.embedded.DeploymentElement getOrCreateApplication
INFORMACIÓN: [DeploymentElement] adding library to ScatteredArchive hamcrest-core-1.3.jar
dic 04, 2017 12:32:49 AM org.glassfish.ejb.embedded.DeploymentElement getOrCreateApplication
INFORMACIÓN: [DeploymentElement] adding library to ScatteredArchive tools.jar
dic 04, 2017 12:32:49 AM org.glassfish.ejb.embedded.DeploymentElement getOrCreateApplication
INFORMACIÓN: [DeploymentElement] adding library to ScatteredArchive jackson-annotations-2.5.0.jar
dic 04, 2017 12:32:49 AM org.glassfish.ejb.embedded.DeploymentElement getOrCreateApplication
INFORMACIÓN: [DeploymentElement] adding library to ScatteredArchive javax.security.jacc-api-1.5.jar
dic 04, 2017 12:32:49 AM org.glassfish.ejb.embedded.DeploymentElement getOrCreateApplication
INFORMACIÓN: [DeploymentElement] adding library to ScatteredArchive tiger-types-1.4.jar
dic 04, 2017 12:32:49 AM org.glassfish.ejb.embedded.DeploymentElement getOrCreateApplication
INFORMACIÓN: [DeploymentElement] adding library to ScatteredArchive weld-spi-2.2.SP4.jar
dic 04, 2017 12:32:49 AM org.glassfish.ejb.embedded.DeploymentElement getOrCreateApplication
INFORMACIÓN: [DeploymentElement] adding library to ScatteredArchive javax.inject-1.jar
dic 04, 2017 12:32:49 AM org.glassfish.ejb.embedded.DeploymentElement getOrCreateApplication
INFORMACIÓN: [DeploymentElement] adding library to ScatteredArchive javassist-3.18.1-GA.jar
dic 04, 2017 12:32:49 AM org.glassfish.ejb.embedded.DeploymentElement getOrCreateApplication
INFORMACIÓN: [DeploymentElement] adding library to ScatteredArchive test-classes
dic 04, 2017 12:32:49 AM org.glassfish.ejb.embedded.DeploymentElement getOrCreateApplication
INFORMACIÓN: [DeploymentElement] adding library to ScatteredArchive javax.el-api-3.0.1-b03.jar
dic 04, 2017 12:32:49 AM org.glassfish.ejb.embedded.DeploymentElement getOrCreateApplication
INFORMACIÓN: [DeploymentElement] adding library to ScatteredArchive gmbal-api-only-3.0.0-b023.jar
dic 04, 2017 12:32:49 AM org.glassfish.ejb.embedded.DeploymentElement getOrCreateApplication
INFORMACIÓN: [DeploymentElement] adding library to ScatteredArchive javax.mail-1.5.0.jar
dic 04, 2017 12:32:49 AM org.glassfish.ejb.embedded.DeploymentElement getOrCreateApplication
INFORMACIÓN: [DeploymentElement] adding library to ScatteredArchive javax.annotation-api-1.2.jar
dic 04, 2017 12:32:49 AM org.glassfish.ejb.embedded.DeploymentElement getOrCreateApplication
INFORMACIÓN: [DeploymentElement] adding library to ScatteredArchive xmlsec-1.5.8.jar
dic 04, 2017 12:32:49 AM org.glassfish.ejb.embedded.DeploymentElement getOrCreateApplication
INFORMACIÓN: [DeploymentElement] adding library to ScatteredArchive jaxb-extra-osgi-2.2.12-b141219.1637.jar
dic 04, 2017 12:32:49 AM org.glassfish.ejb.embedded.DeploymentElement getOrCreateApplication
INFORMACIÓN: [DeploymentElement] adding library to ScatteredArchive stax2-api-3.1.1.jar
dic 04, 2017 12:32:49 AM org.glassfish.ejb.embedded.DeploymentElement getOrCreateApplication
INFORMACIÓN: [DeploymentElement] adding library to ScatteredArchive jboss-el-api_3.0_spec-1.0.0.Alpha1.jar
dic 04, 2017 12:32:49 AM org.glassfish.ejb.embedded.DeploymentElement getOrCreateApplication
INFORMACIÓN: [DeploymentElement] adding library to ScatteredArchive junit-4.12.jar
dic 04, 2017 12:32:49 AM org.glassfish.ejb.embedded.DeploymentElement getOrCreateApplication
INFORMACIÓN: [DeploymentElement] adding library to ScatteredArchive javax.management.j2ee-api-1.1.1.jar
dic 04, 2017 12:32:49 AM org.glassfish.ejb.embedded.DeploymentElement getOrCreateApplication
INFORMACIÓN: [DeploymentElement] adding library to ScatteredArchive jackson-core-2.5.1.jar
dic 04, 2017 12:32:49 AM org.glassfish.ejb.embedded.DeploymentElement getOrCreateApplication
INFORMACIÓN: [DeploymentElement] adding library to ScatteredArchive javax.resource-api-1.7.jar
dic 04, 2017 12:32:49 AM org.glassfish.ejb.embedded.DeploymentElement getOrCreateApplication
INFORMACIÓN: [DeploymentElement] adding library to ScatteredArchive jaxb-api-2.2.13-b141020.1521.jar
dic 04, 2017 12:32:49 AM org.glassfish.ejb.embedded.DeploymentElement getOrCreateApplication
INFORMACIÓN: [DeploymentElement] adding library to ScatteredArchive weld-core-impl-2.2.13.Final.jar
dic 04, 2017 12:32:49 AM org.glassfish.ejb.embedded.DeploymentElement getOrCreateApplication
INFORMACIÓN: [DeploymentElement] adding library to ScatteredArchive javax.xml.rpc-api-1.1.jar
dic 04, 2017 12:32:49 AM org.glassfish.ejb.embedded.DeploymentElement getOrCreateApplication
INFORMACIÓN: [DeploymentElement] adding library to ScatteredArchive javax.transaction-api-1.2.jar
dic 04, 2017 12:32:49 AM org.glassfish.ejb.embedded.DeploymentElement getOrCreateApplication
INFORMACIÓN: [DeploymentElement] adding library to ScatteredArchive org.osgi.core-1.2.0.jar
dic 04, 2017 12:32:49 AM org.glassfish.ejb.embedded.DeploymentElement getOrCreateApplication
INFORMACIÓN: [DeploymentElement] adding library to ScatteredArchive javax.mail-api-1.5.4.jar
dic 04, 2017 12:32:49 AM org.glassfish.ejb.embedded.DeploymentElement getOrCreateApplication
INFORMACIÓN: [DeploymentElement] adding library to ScatteredArchive javax.servlet.jsp-api-2.3.2-b01.jar
dic 04, 2017 12:32:49 AM org.glassfish.ejb.embedded.DeploymentElement getOrCreateApplication
INFORMACIÓN: [DeploymentElement] adding library to ScatteredArchive javax.servlet-api-3.1.0.jar
dic 04, 2017 12:32:49 AM org.glassfish.ejb.embedded.DeploymentElement getOrCreateApplication
INFORMACIÓN: [DeploymentElement] adding library to ScatteredArchive weld-se-core-2.2.13.Final.jar
dic 04, 2017 12:32:49 AM org.glassfish.ejb.embedded.DeploymentElement getOrCreateApplication
INFORMACIÓN: [DeploymentElement] adding library to ScatteredArchive jackson-databind-2.5.1.jar
dic 04, 2017 12:32:49 AM org.glassfish.ejb.embedded.EJBContainerImpl deploy
INFORMACIÓN: [EJBContainerImpl] Deploying app: org.glassfish.embeddable.archive.ScatteredArchive@70798698
dic 04, 2017 12:32:49 AM org.glassfish.ejb.embedded.EJBContainerImpl deploy
INFORMACIÓN: [EJBContainerImpl] GlassFish status: STARTED
dic 04, 2017 12:32:49 AM org.glassfish.ejb.embedded.EJBContainerImpl deploy
INFORMACIÓN: [EJBContainerImpl] Deploying as a ScatteredArchive
dic 04, 2017 12:36:30 AM com.sun.enterprise.security.SecurityLifecycle &lt;init&gt;
INFORMACIÓN: Java security manager is disabled.
dic 04, 2017 12:36:30 AM com.sun.enterprise.security.SecurityLifecycle onInitialization
INFORMACIÓN: Entering Security Startup Service.
dic 04, 2017 12:36:30 AM com.sun.enterprise.security.PolicyLoader loadPolicy
INFORMACIÓN: Loading policy provider com.sun.enterprise.security.provider.PolicyWrapper.
dic 04, 2017 12:36:30 AM com.sun.enterprise.security.SecurityLifecycle onInitialization
INFORMACIÓN: Security Service(s) started successfully.
dic 04, 2017 12:36:59 AM org.eclipse.persistence.default
INFORMACIÓN: Detected server platform: org.eclipse.persistence.platform.server.NoServerPlatform.
dic 04, 2017 12:36:59 AM org.eclipse.persistence.session./file:/C:/Users/Tata/AppData/Local/Temp/gfembed2876582453795614712tmp/applications/classes/_PersonaPU
INFORMACIÓN: EclipseLink, version: Eclipse Persistence Services - 2.6.1.v20150605-31e8258
dic 04, 2017 12:37:00 AM org.eclipse.persistence.session./file:/C:/Users/Tata/AppData/Local/Temp/gfembed2876582453795614712tmp/applications/classes/_PersonaPU.connection
INFORMACIÓN: /file:/C:/Users/Tata/AppData/Local/Temp/gfembed2876582453795614712tmp/applications/classes/_PersonaPU login successful
dic 04, 2017 12:37:00 AM org.eclipse.persistence.session./file:/C:/Users/Tata/AppData/Local/Temp/gfembed2876582453795614712tmp/applications/classes/_PersonaPU.server
ADVERTENCIA: Failed to find MBean Server: null or empty List returned from MBeanServerFactory.findMBeanServer(null)
dic 04, 2017 12:37:02 AM com.sun.jts.CosTransactions.DefaultTransactionService setServerName
INFORMACIÓN: JTS5014: Recoverable JTS instance, serverId = [3700]
dic 04, 2017 12:37:03 AM com.sun.ejb.containers.BaseContainer initializeHome
INFORMACIÓN: Portable JNDI names for EJB PersonaServiceImpl: [java:global/classes/PersonaServiceImpl!mx.com.gm.sga.servicio.PersonaService, java:global/classes/PersonaServiceImpl!mx.com.gm.sga.servicio.PersonaServiceRemote]
dic 04, 2017 12:37:03 AM com.sun.ejb.containers.BaseContainer initializeHome
INFORMACIÓN: Glassfish-specific (Non-portable) JNDI names for EJB PersonaServiceImpl: [mx.com.gm.sga.servicio.PersonaServiceRemote, mx.com.gm.sga.servicio.PersonaServiceRemote#mx.com.gm.sga.servicio.PersonaServiceRemote]
dic 04, 2017 12:37:03 AM com.sun.ejb.containers.BaseContainer initializeHome
INFORMACIÓN: Portable JNDI names for EJB PersonaDaoImpl: [java:global/classes/PersonaDaoImpl, java:global/classes/PersonaDaoImpl!mx.com.gm.sga.eis.PersonaDao]
dic 04, 2017 12:37:03 AM org.glassfish.deployment.admin.DeployCommand execute
INFORMACIÓN: classes was successfully deployed in 241.644 milliseconds.
dic 04, 2017 12:37:03 AM com.sun.ejb.containers.BaseContainer postInvoke
ADVERTENCIA: A system exception occurred during an invocation on EJB PersonaServiceImpl, method: public java.util.List mx.com.gm.sga.servicio.PersonaServiceImpl.listarPersonas()
dic 04, 2017 12:37:03 AM com.sun.ejb.containers.BaseContainer postInvoke
ADVERTENCIA: 
javax.ejb.EJBException
	at com.sun.ejb.containers.EJBContainerTransactionManager.processSystemException(EJBContainerTransactionManager.java:752)
	at com.sun.ejb.containers.EJBContainerTransactionManager.completeNewTx(EJBContainerTransactionManager.java:702)
	at com.sun.ejb.containers.EJBContainerTransactionManager.postInvokeTx(EJBContainerTransactionManager.java:507)
	at com.sun.ejb.containers.BaseContainer.postInvokeTx(BaseContainer.java:4566)
	at com.sun.ejb.containers.BaseContainer.postInvoke(BaseContainer.java:2074)
	at com.sun.ejb.containers.BaseContainer.postInvoke(BaseContainer.java:2044)
	at com.sun.ejb.containers.EJBLocalObjectInvocationHandler.invoke(EJBLocalObjectInvocationHandler.java:220)
	at com.sun.ejb.containers.EJBLocalObjectInvocationHandlerDelegate.invoke(EJBLocalObjectInvocationHandlerDelegate.java:88)
	at com.sun.proxy.$Proxy221.listarPersonas(Unknown Source)
	at test.PersonaServiceTest.testEJBPersonaService(PersonaServiceTest.java:35)
	at sun.reflect.NativeMethodAccessorImpl.invoke0(Native Method)
	at sun.reflect.NativeMethodAccessorImpl.invoke(NativeMethodAccessorImpl.java:62)
	at sun.reflect.DelegatingMethodAccessorImpl.invoke(DelegatingMethodAccessorImpl.java:43)
	at java.lang.reflect.Method.invoke(Method.java:498)
	at org.junit.runners.model.FrameworkMethod$1.runReflectiveCall(FrameworkMethod.java:50)
	at org.junit.internal.runners.model.ReflectiveCallable.run(ReflectiveCallable.java:12)
	at org.junit.runners.model.FrameworkMethod.invokeExplosively(FrameworkMethod.java:47)
	at org.junit.internal.runners.statements.InvokeMethod.evaluate(InvokeMethod.java:17)
	at org.junit.internal.runners.statements.RunBefores.evaluate(RunBefores.java:26)
	at org.junit.runners.ParentRunner.runLeaf(ParentRunner.java:325)
	at org.junit.runners.BlockJUnit4ClassRunner.runChild(BlockJUnit4ClassRunner.java:78)
	at org.junit.runners.BlockJUnit4ClassRunner.runChild(BlockJUnit4ClassRunner.java:57)
	at org.junit.runners.ParentRunner$3.run(ParentRunner.java:290)
	at org.junit.runners.ParentRunner$1.schedule(ParentRunner.java:71)
	at org.junit.runners.ParentRunner.runChildren(ParentRunner.java:288)
	at org.junit.runners.ParentRunner.access$000(ParentRunner.java:58)
	at org.junit.runners.ParentRunner$2.evaluate(ParentRunner.java:268)
	at org.junit.runners.ParentRunner.run(ParentRunner.java:363)
	at org.apache.maven.surefire.junit4.JUnit4TestSet.execute(JUnit4TestSet.java:53)
	at org.apache.maven.surefire.junit4.JUnit4Provider.executeTestSet(JUnit4Provider.java:123)
	at org.apache.maven.surefire.junit4.JUnit4Provider.invoke(JUnit4Provider.java:104)
	at sun.reflect.NativeMethodAccessorImpl.invoke0(Native Method)
	at sun.reflect.NativeMethodAccessorImpl.invoke(NativeMethodAccessorImpl.java:62)
	at sun.reflect.DelegatingMethodAccessorImpl.invoke(DelegatingMethodAccessorImpl.java:43)
	at java.lang.reflect.Method.invoke(Method.java:498)
	at org.apache.maven.surefire.util.ReflectionUtils.invokeMethodWithArray(ReflectionUtils.java:164)
	at org.apache.maven.surefire.booter.ProviderFactory$ProviderProxy.invoke(ProviderFactory.java:110)
	at org.apache.maven.surefire.booter.SurefireStarter.invokeProvider(SurefireStarter.java:175)
	at org.apache.maven.surefire.booter.SurefireStarter.runSuitesInProcessWhenForked(SurefireStarter.java:107)
	at org.apache.maven.surefire.booter.ForkedBooter.main(ForkedBooter.java:68)
Caused by: java.lang.NullPointerException
	at mx.com.gm.sga.servicio.PersonaServiceImpl.listarPersonas(PersonaServiceImpl.java:29)
	at sun.reflect.NativeMethodAccessorImpl.invoke0(Native Method)
	at sun.reflect.NativeMethodAccessorImpl.invoke(NativeMethodAccessorImpl.java:62)
	at sun.reflect.DelegatingMethodAccessorImpl.invoke(DelegatingMethodAccessorImpl.java:43)
	at java.lang.reflect.Method.invoke(Method.java:498)
	at org.glassfish.ejb.security.application.EJBSecurityManager.runMethod(EJBSecurityManager.java:1081)
	at org.glassfish.ejb.security.application.EJBSecurityManager.invoke(EJBSecurityManager.java:1153)
	at com.sun.ejb.containers.BaseContainer.invokeBeanMethod(BaseContainer.java:4786)
	at com.sun.ejb.EjbInvocation.invokeBeanMethod(EjbInvocation.java:656)
	at com.sun.ejb.containers.interceptors.AroundInvokeChainImpl.invokeNext(InterceptorManager.java:822)
	at com.sun.ejb.EjbInvocation.proceed(EjbInvocation.java:608)
	at com.sun.ejb.containers.interceptors.SystemInterceptorProxy.doCall(SystemInterceptorProxy.java:163)
	at com.sun.ejb.containers.interceptors.SystemInterceptorProxy.aroundInvoke(SystemInterceptorProxy.java:140)
	at sun.reflect.NativeMethodAccessorImpl.invoke0(Native Method)
	at sun.reflect.NativeMethodAccessorImpl.invoke(NativeMethodAccessorImpl.java:62)
	at sun.reflect.DelegatingMethodAccessorImpl.invoke(DelegatingMethodAccessorImpl.java:43)
	at java.lang.reflect.Method.invoke(Method.java:498)
	at com.sun.ejb.containers.interceptors.AroundInvokeInterceptor.intercept(InterceptorManager.java:883)
	at com.sun.ejb.containers.interceptors.AroundInvokeChainImpl.invokeNext(InterceptorManager.java:822)
	at com.sun.ejb.containers.interceptors.InterceptorManager.intercept(InterceptorManager.java:369)
	at com.sun.ejb.containers.BaseContainer.__intercept(BaseContainer.java:4758)
	at com.sun.ejb.containers.BaseContainer.intercept(BaseContainer.java:4746)
	at com.sun.ejb.containers.EJBLocalObjectInvocationHandler.invoke(EJBLocalObjectInvocationHandler.java:212)
	... 33 more

</system-err>
  </testcase>
</testsuite>